<?xml version="1.0" encoding="UTF-8"?>
<!-- Generated by org.testng.reporters.JUnitXMLReporter -->
<testsuite ignored="0" hostname="DESKTOP-313IA8D" failures="0" tests="4" name="Default test" time="5.022" errors="0" timestamp="2023-12-25T23:12:47 IST">
  <testcase classname="vjjava.sample" name="tc0" time="2.142"/>
  <testcase classname="vjjava.sample" name="tc1" time="0.989"/>
  <testcase classname="vjjava.sample" name="tc3" time="1.025"/>
  <testcase classname="vjjava.sample" name="tc4" time="0.808"/>
</testsuite> <!-- Default test -->
