<?xml version="1.0" encoding="UTF-8"?>
<testng-results ignored="0" total="4" passed="4" failed="0" skipped="0">
  <reporter-output>
  </reporter-output>
  <suite started-at="2023-12-25T23:12:42 IST" name="Default suite" finished-at="2023-12-25T23:12:47 IST" duration-ms="5022">
    <groups>
    </groups>
    <test started-at="2023-12-25T23:12:42 IST" name="Default test" finished-at="2023-12-25T23:12:47 IST" duration-ms="5022">
      <class name="vjjava.sample">
        <test-method signature="tc0()[pri:0, instance:vjjava.sample@2fb3536e]" started-at="2023-12-25T23:12:42 IST" name="tc0" finished-at="2023-12-25T23:12:44 IST" duration-ms="2142" status="PASS">
          <reporter-output>
          </reporter-output>
        </test-method> <!-- tc0 -->
        <test-method signature="tc1()[pri:0, instance:vjjava.sample@2fb3536e]" started-at="2023-12-25T23:12:44 IST" name="tc1" finished-at="2023-12-25T23:12:45 IST" duration-ms="989" status="PASS">
          <reporter-output>
          </reporter-output>
        </test-method> <!-- tc1 -->
        <test-method signature="tc3()[pri:0, instance:vjjava.sample@2fb3536e]" started-at="2023-12-25T23:12:45 IST" name="tc3" finished-at="2023-12-25T23:12:46 IST" duration-ms="1025" status="PASS">
          <reporter-output>
          </reporter-output>
        </test-method> <!-- tc3 -->
        <test-method signature="tc4()[pri:0, instance:vjjava.sample@2fb3536e]" started-at="2023-12-25T23:12:46 IST" name="tc4" finished-at="2023-12-25T23:12:47 IST" duration-ms="808" status="PASS">
          <reporter-output>
          </reporter-output>
        </test-method> <!-- tc4 -->
      </class> <!-- vjjava.sample -->
    </test> <!-- Default test -->
  </suite> <!-- Default suite -->
</testng-results>
